build/app/intermediates/manifest_merge_blame_file/debug/manifest-merger-blame-debug-report.txt
1<?xml version="1.0" encoding="utf-8"?>
2<manifest xmlns:android="http://schemas.android.com/apk/res/android"
3    package="com.midterm.socialpage"
4    android:versionCode="1"
5    android:versionName="1.0.0" >
6
7    <uses-sdk
8        android:minSdkVersion="16"
9        android:targetSdkVersion="30" />
10
11    <uses-permission android:name="android.permission.INTERNET" />
11-->src\main\AndroidManifest.xml:3:5-66
11-->src\main\AndroidManifest.xml:3:22-64
12    <uses-permission android:name="android.permission.READ_EXTERNAL_STORAGE" />
12-->[:file_picker] AndroidManifest.xml:7:5-80
12-->[:file_picker] AndroidManifest.xml:7:22-77
13
14    <queries>
14-->[:file_picker] AndroidManifest.xml:9:5-15:15
15        <intent>
15-->[:file_picker] AndroidManifest.xml:10:9-14:18
16            <action android:name="android.intent.action.GET_CONTENT" />
16-->[:file_picker] AndroidManifest.xml:11:13-72
16-->[:file_picker] AndroidManifest.xml:11:21-69
17
18            <data android:mimeType="*/*" />
18-->src\main\AndroidManifest.xml:36:17-75
19        </intent>
20    </queries>
21
22    <uses-permission android:name="android.permission.ACCESS_NETWORK_STATE" />
22-->[com.google.firebase:firebase-auth:21.0.1] AndroidManifest.xml:24:5-79
22-->[com.google.firebase:firebase-auth:21.0.1] AndroidManifest.xml:24:22-76
23    <uses-permission android:name="android.permission.WAKE_LOCK" />
23-->[com.google.android.gms:play-services-measurement-api:19.0.2] AndroidManifest.xml:24:5-68
23-->[com.google.android.gms:play-services-measurement-api:19.0.2] AndroidManifest.xml:24:22-65
24    <uses-permission android:name="com.google.android.finsky.permission.BIND_GET_INSTALL_REFERRER_SERVICE" />
24-->[com.google.android.gms:play-services-measurement:19.0.2] AndroidManifest.xml:26:5-110
24-->[com.google.android.gms:play-services-measurement:19.0.2] AndroidManifest.xml:26:22-107
25    <!--
26 Flutter needs it to communicate with the running application
27         to allow setting breakpoints, to provide hot reload, etc.
28    -->
29    <application
29-->src\main\AndroidManifest.xml:5:5-39:19
30        android:name="androidx.multidex.MultiDexApplication"
31        android:appComponentFactory="androidx.core.app.CoreComponentFactory"
31-->[androidx.core:core:1.3.2] AndroidManifest.xml:24:18-86
32        android:debuggable="true"
33        android:icon="@mipmap/ic_launcher"
33-->src\main\AndroidManifest.xml:5:45-79
34        android:label="socialpage"
34-->src\main\AndroidManifest.xml:5:18-44
35        android:supportsRtl="true"
35-->[com.facebook.android:facebook-login:11.3.0] AndroidManifest.xml:28:18-44
36        android:usesCleartextTraffic="true" >
36-->src\debug\AndroidManifest.xml:5:18-53
37
38        <!-- possibly other elements -->
39        <activity
39-->src\main\AndroidManifest.xml:6:9-22:20
40            android:name="com.midterm.socialpage.MainActivity"
40-->src\main\AndroidManifest.xml:6:19-47
41            android:configChanges="orientation|keyboardHidden|keyboard|screenSize|smallestScreenSize|locale|layoutDirection|fontScale|screenLayout|density|uiMode"
41-->src\main\AndroidManifest.xml:6:114-264
42            android:hardwareAccelerated="true"
42-->src\main\AndroidManifest.xml:6:265-299
43            android:launchMode="singleTop"
43-->src\main\AndroidManifest.xml:6:48-78
44            android:theme="@style/LaunchTheme"
44-->src\main\AndroidManifest.xml:6:79-113
45            android:windowSoftInputMode="adjustResize" >
45-->src\main\AndroidManifest.xml:6:300-342
46
47            <!--
48                 Specifies an Android theme to apply to this Activity as soon as
49                 the Android process has started. This theme is visible to the user
50                 while the Flutter UI initializes. After that, this theme continues
51                 to determine the Window background behind the Flutter UI.
52            -->
53            <meta-data
53-->src\main\AndroidManifest.xml:11:13-120
54                android:name="io.flutter.embedding.android.NormalTheme"
54-->src\main\AndroidManifest.xml:11:24-79
55                android:resource="@style/NormalTheme" />
55-->src\main\AndroidManifest.xml:11:80-117
56            <!--
57                 Displays an Android View that continues showing the launch screen
58                 Drawable until Flutter paints its first frame, then this splash
59                 screen fades out. A splash screen is useful to avoid any visual
60                 gap between the end of Android's launch screen and the painting of
61                 Flutter's first frame.
62            -->
63            <meta-data
63-->src\main\AndroidManifest.xml:17:13-138
64                android:name="io.flutter.embedding.android.SplashScreenDrawable"
64-->src\main\AndroidManifest.xml:17:24-88
65                android:resource="@drawable/launch_background" />
65-->src\main\AndroidManifest.xml:17:89-135
66
67            <intent-filter>
67-->src\main\AndroidManifest.xml:18:13-21:29
68                <action android:name="android.intent.action.MAIN" />
68-->src\main\AndroidManifest.xml:19:17-68
68-->src\main\AndroidManifest.xml:19:25-66
69
70                <category android:name="android.intent.category.LAUNCHER" />
70-->src\main\AndroidManifest.xml:20:17-76
70-->src\main\AndroidManifest.xml:20:27-74
71            </intent-filter>
72        </activity>
73        <!--
74 Don't delete the meta-data below.
75             This is used by the Flutter tool to generate GeneratedPluginRegistrant.java
76        -->
77        <meta-data
77-->src\main\AndroidManifest.xml:25:9-72
78            android:name="flutterEmbedding"
78-->src\main\AndroidManifest.xml:25:20-51
79            android:value="2" />
79-->src\main\AndroidManifest.xml:25:52-69
80        <meta-data
80-->src\main\AndroidManifest.xml:27:9-107
81            android:name="com.facebook.sdk.ApplicationId"
81-->src\main\AndroidManifest.xml:27:20-65
82            android:value="@string/facebook_app_id" />
82-->src\main\AndroidManifest.xml:27:66-105
83
84        <activity
84-->src\main\AndroidManifest.xml:29:9-30:114
85            android:name="com.facebook.FacebookActivity"
85-->src\main\AndroidManifest.xml:29:19-63
86            android:configChanges="keyboard|keyboardHidden|screenLayout|screenSize|orientation"
86-->src\main\AndroidManifest.xml:29:64-165
87            android:label="@string/app_name"
87-->src\main\AndroidManifest.xml:30:79-111
88            android:theme="@style/com_facebook_activity_theme" />
88-->[com.facebook.android:facebook-common:11.3.0] AndroidManifest.xml:33:13-63
89        <activity
89-->src\main\AndroidManifest.xml:31:9-38:20
90            android:name="com.facebook.CustomTabActivity"
90-->src\main\AndroidManifest.xml:31:19-64
91            android:exported="true" >
91-->src\main\AndroidManifest.xml:31:65-88
92            <intent-filter>
92-->src\main\AndroidManifest.xml:32:13-37:29
93                <action android:name="android.intent.action.VIEW" />
93-->src\main\AndroidManifest.xml:33:17-69
93-->src\main\AndroidManifest.xml:33:25-66
94
95                <category android:name="android.intent.category.DEFAULT" />
95-->src\main\AndroidManifest.xml:34:17-76
95-->src\main\AndroidManifest.xml:34:27-73
96                <category android:name="android.intent.category.BROWSABLE" />
96-->src\main\AndroidManifest.xml:35:17-78
96-->src\main\AndroidManifest.xml:35:27-75
97
98                <data android:scheme="@string/fb_login_protocol_scheme" />
98-->src\main\AndroidManifest.xml:36:17-75
98-->src\main\AndroidManifest.xml:36:23-72
99            </intent-filter>
100            <intent-filter>
100-->[com.facebook.android:facebook-common:11.3.0] AndroidManifest.xml:39:13-48:29
101                <action android:name="android.intent.action.VIEW" />
101-->src\main\AndroidManifest.xml:33:17-69
101-->src\main\AndroidManifest.xml:33:25-66
102
103                <category android:name="android.intent.category.DEFAULT" />
103-->src\main\AndroidManifest.xml:34:17-76
103-->src\main\AndroidManifest.xml:34:27-73
104                <category android:name="android.intent.category.BROWSABLE" />
104-->src\main\AndroidManifest.xml:35:17-78
104-->src\main\AndroidManifest.xml:35:27-75
105
106                <data
106-->src\main\AndroidManifest.xml:36:17-75
107                    android:host="cct.com.midterm.socialpage"
108                    android:scheme="fbconnect" />
108-->src\main\AndroidManifest.xml:36:23-72
109            </intent-filter>
110        </activity>
111
112        <service
112-->[:firebase_auth] AndroidManifest.xml:8:9-12:19
113            android:name="com.google.firebase.components.ComponentDiscoveryService"
113-->[:firebase_auth] AndroidManifest.xml:8:18-89
114            android:directBootAware="true"
114-->[com.google.firebase:firebase-common:20.0.0] AndroidManifest.xml:35:13-43
115            android:exported="false" >
115-->[com.google.firebase:firebase-auth:21.0.1] AndroidManifest.xml:76:13-37
116            <meta-data
116-->[:firebase_auth] AndroidManifest.xml:9:13-11:85
117                android:name="com.google.firebase.components:io.flutter.plugins.firebase.auth.FlutterFirebaseAuthRegistrar"
117-->[:firebase_auth] AndroidManifest.xml:10:17-124
118                android:value="com.google.firebase.components.ComponentRegistrar" />
118-->[:firebase_auth] AndroidManifest.xml:11:17-82
119            <meta-data
119-->[:firebase_storage] AndroidManifest.xml:9:13-11:85
120                android:name="com.google.firebase.components:io.flutter.plugins.firebase.storage.FlutterFirebaseAppRegistrar"
120-->[:firebase_storage] AndroidManifest.xml:10:17-126
121                android:value="com.google.firebase.components.ComponentRegistrar" />
121-->[:firebase_storage] AndroidManifest.xml:11:17-82
122            <meta-data
122-->[:cloud_firestore] AndroidManifest.xml:9:13-11:85
123                android:name="com.google.firebase.components:io.flutter.plugins.firebase.firestore.FlutterFirebaseFirestoreRegistrar"
123-->[:cloud_firestore] AndroidManifest.xml:10:17-134
124                android:value="com.google.firebase.components.ComponentRegistrar" />
124-->[:cloud_firestore] AndroidManifest.xml:11:17-82
125            <meta-data
125-->[:firebase_core] AndroidManifest.xml:9:13-11:85
126                android:name="com.google.firebase.components:io.flutter.plugins.firebase.core.FlutterFirebaseCoreRegistrar"
126-->[:firebase_core] AndroidManifest.xml:10:17-124
127                android:value="com.google.firebase.components.ComponentRegistrar" />
127-->[:firebase_core] AndroidManifest.xml:11:17-82
128            <meta-data
128-->[com.google.firebase:firebase-auth:21.0.1] AndroidManifest.xml:77:13-79:85
129                android:name="com.google.firebase.components:com.google.firebase.auth.FirebaseAuthRegistrar"
129-->[com.google.firebase:firebase-auth:21.0.1] AndroidManifest.xml:78:17-109
130                android:value="com.google.firebase.components.ComponentRegistrar" />
130-->[com.google.firebase:firebase-auth:21.0.1] AndroidManifest.xml:79:17-82
131            <meta-data
131-->[com.google.firebase:firebase-firestore:23.0.4] AndroidManifest.xml:20:13-22:85
132                android:name="com.google.firebase.components:com.google.firebase.firestore.FirestoreRegistrar"
132-->[com.google.firebase:firebase-firestore:23.0.4] AndroidManifest.xml:21:17-111
133                android:value="com.google.firebase.components.ComponentRegistrar" />
133-->[com.google.firebase:firebase-firestore:23.0.4] AndroidManifest.xml:22:17-82
134            <meta-data
134-->[com.google.firebase:firebase-storage:20.0.0] AndroidManifest.xml:33:13-35:85
135                android:name="com.google.firebase.components:com.google.firebase.storage.StorageRegistrar"
135-->[com.google.firebase:firebase-storage:20.0.0] AndroidManifest.xml:34:17-107
136                android:value="com.google.firebase.components.ComponentRegistrar" />
136-->[com.google.firebase:firebase-storage:20.0.0] AndroidManifest.xml:35:17-82
137            <meta-data
137-->[com.google.android.gms:play-services-measurement-api:19.0.2] AndroidManifest.xml:30:13-32:85
138                android:name="com.google.firebase.components:com.google.firebase.analytics.connector.internal.AnalyticsConnectorRegistrar"
138-->[com.google.android.gms:play-services-measurement-api:19.0.2] AndroidManifest.xml:31:17-139
139                android:value="com.google.firebase.components.ComponentRegistrar" />
139-->[com.google.android.gms:play-services-measurement-api:19.0.2] AndroidManifest.xml:32:17-82
140            <meta-data
140-->[com.google.firebase:firebase-installations:17.0.0] AndroidManifest.xml:18:13-20:85
141                android:name="com.google.firebase.components:com.google.firebase.installations.FirebaseInstallationsRegistrar"
141-->[com.google.firebase:firebase-installations:17.0.0] AndroidManifest.xml:19:17-127
142                android:value="com.google.firebase.components.ComponentRegistrar" />
142-->[com.google.firebase:firebase-installations:17.0.0] AndroidManifest.xml:20:17-82
143        </service>
144
145        <activity android:name="com.facebook.CustomTabMainActivity" />
145-->[com.facebook.android:facebook-common:11.3.0] AndroidManifest.xml:34:9-71
145-->[com.facebook.android:facebook-common:11.3.0] AndroidManifest.xml:34:19-68
146        <!--
147         The initialization ContentProvider will call FacebookSdk.sdkInitialize automatically
148         with the application context. This config is merged in with the host app's manifest,
149         but there can only be one provider with the same authority activated at any given
150         point; so if the end user has two or more different apps that use Facebook SDK, only the
151         first one will be able to use the provider. To work around this problem, we use the
152         following placeholder in the authority to identify each host application as if it was
153         a completely different provider.
154        -->
155        <provider
155-->[com.facebook.android:facebook-core:11.3.0] AndroidManifest.xml:39:9-42:40
156            android:name="com.facebook.internal.FacebookInitProvider"
156-->[com.facebook.android:facebook-core:11.3.0] AndroidManifest.xml:40:13-70
157            android:authorities="com.midterm.socialpage.FacebookInitProvider"
157-->[com.facebook.android:facebook-core:11.3.0] AndroidManifest.xml:41:13-72
158            android:exported="false" />
158-->[com.facebook.android:facebook-core:11.3.0] AndroidManifest.xml:42:13-37
159
160        <receiver
160-->[com.facebook.android:facebook-core:11.3.0] AndroidManifest.xml:44:9-50:20
161            android:name="com.facebook.CurrentAccessTokenExpirationBroadcastReceiver"
161-->[com.facebook.android:facebook-core:11.3.0] AndroidManifest.xml:45:13-86
162            android:exported="false" >
162-->[com.facebook.android:facebook-core:11.3.0] AndroidManifest.xml:46:13-37
163            <intent-filter>
163-->[com.facebook.android:facebook-core:11.3.0] AndroidManifest.xml:47:13-49:29
164                <action android:name="com.facebook.sdk.ACTION_CURRENT_ACCESS_TOKEN_CHANGED" />
164-->[com.facebook.android:facebook-core:11.3.0] AndroidManifest.xml:48:17-95
164-->[com.facebook.android:facebook-core:11.3.0] AndroidManifest.xml:48:25-92
165            </intent-filter>
166        </receiver>
167
168        <activity
168-->[com.google.firebase:firebase-auth:21.0.1] AndroidManifest.xml:27:9-44:20
169            android:name="com.google.firebase.auth.internal.GenericIdpActivity"
169-->[com.google.firebase:firebase-auth:21.0.1] AndroidManifest.xml:28:13-80
170            android:excludeFromRecents="true"
170-->[com.google.firebase:firebase-auth:21.0.1] AndroidManifest.xml:29:13-46
171            android:exported="true"
171-->[com.google.firebase:firebase-auth:21.0.1] AndroidManifest.xml:30:13-36
172            android:launchMode="singleTask"
172-->[com.google.firebase:firebase-auth:21.0.1] AndroidManifest.xml:31:13-44
173            android:theme="@android:style/Theme.Translucent.NoTitleBar" >
173-->[com.google.firebase:firebase-auth:21.0.1] AndroidManifest.xml:32:13-72
174            <intent-filter>
174-->[com.google.firebase:firebase-auth:21.0.1] AndroidManifest.xml:33:13-43:29
175                <action android:name="android.intent.action.VIEW" />
175-->src\main\AndroidManifest.xml:33:17-69
175-->src\main\AndroidManifest.xml:33:25-66
176
177                <category android:name="android.intent.category.DEFAULT" />
177-->src\main\AndroidManifest.xml:34:17-76
177-->src\main\AndroidManifest.xml:34:27-73
178                <category android:name="android.intent.category.BROWSABLE" />
178-->src\main\AndroidManifest.xml:35:17-78
178-->src\main\AndroidManifest.xml:35:27-75
179
180                <data
180-->src\main\AndroidManifest.xml:36:17-75
181                    android:host="firebase.auth"
182                    android:path="/"
183                    android:scheme="genericidp" />
183-->src\main\AndroidManifest.xml:36:23-72
184            </intent-filter>
185        </activity>
186        <activity
186-->[com.google.firebase:firebase-auth:21.0.1] AndroidManifest.xml:45:9-62:20
187            android:name="com.google.firebase.auth.internal.RecaptchaActivity"
187-->[com.google.firebase:firebase-auth:21.0.1] AndroidManifest.xml:46:13-79
188            android:excludeFromRecents="true"
188-->[com.google.firebase:firebase-auth:21.0.1] AndroidManifest.xml:47:13-46
189            android:exported="true"
189-->[com.google.firebase:firebase-auth:21.0.1] AndroidManifest.xml:48:13-36
190            android:launchMode="singleTask"
190-->[com.google.firebase:firebase-auth:21.0.1] AndroidManifest.xml:49:13-44
191            android:theme="@android:style/Theme.Translucent.NoTitleBar" >
191-->[com.google.firebase:firebase-auth:21.0.1] AndroidManifest.xml:50:13-72
192            <intent-filter>
192-->[com.google.firebase:firebase-auth:21.0.1] AndroidManifest.xml:51:13-61:29
193                <action android:name="android.intent.action.VIEW" />
193-->src\main\AndroidManifest.xml:33:17-69
193-->src\main\AndroidManifest.xml:33:25-66
194
195                <category android:name="android.intent.category.DEFAULT" />
195-->src\main\AndroidManifest.xml:34:17-76
195-->src\main\AndroidManifest.xml:34:27-73
196                <category android:name="android.intent.category.BROWSABLE" />
196-->src\main\AndroidManifest.xml:35:17-78
196-->src\main\AndroidManifest.xml:35:27-75
197
198                <data
198-->src\main\AndroidManifest.xml:36:17-75
199                    android:host="firebase.auth"
200                    android:path="/"
201                    android:scheme="recaptcha" />
201-->src\main\AndroidManifest.xml:36:23-72
202            </intent-filter>
203        </activity>
204
205        <service
205-->[com.google.firebase:firebase-auth:21.0.1] AndroidManifest.xml:64:9-73:19
206            android:name="com.google.firebase.auth.api.fallback.service.FirebaseAuthFallbackService"
206-->[com.google.firebase:firebase-auth:21.0.1] AndroidManifest.xml:65:13-101
207            android:enabled="true"
207-->[com.google.firebase:firebase-auth:21.0.1] AndroidManifest.xml:66:13-35
208            android:exported="false" >
208-->[com.google.firebase:firebase-auth:21.0.1] AndroidManifest.xml:67:13-37
209            <intent-filter>
209-->[com.google.firebase:firebase-auth:21.0.1] AndroidManifest.xml:68:13-72:29
210                <action android:name="com.google.firebase.auth.api.gms.service.START" />
210-->[com.google.firebase:firebase-auth:21.0.1] AndroidManifest.xml:69:17-89
210-->[com.google.firebase:firebase-auth:21.0.1] AndroidManifest.xml:69:25-86
211
212                <category android:name="android.intent.category.DEFAULT" />
212-->src\main\AndroidManifest.xml:34:17-76
212-->src\main\AndroidManifest.xml:34:27-73
213            </intent-filter>
214        </service>
215
216        <provider
216-->[com.google.firebase:firebase-common:20.0.0] AndroidManifest.xml:26:9-31:39
217            android:name="com.google.firebase.provider.FirebaseInitProvider"
217-->[com.google.firebase:firebase-common:20.0.0] AndroidManifest.xml:27:13-77
218            android:authorities="com.midterm.socialpage.firebaseinitprovider"
218-->[com.google.firebase:firebase-common:20.0.0] AndroidManifest.xml:28:13-72
219            android:directBootAware="true"
219-->[com.google.firebase:firebase-common:20.0.0] AndroidManifest.xml:29:13-43
220            android:exported="false"
220-->[com.google.firebase:firebase-common:20.0.0] AndroidManifest.xml:30:13-37
221            android:initOrder="100" />
221-->[com.google.firebase:firebase-common:20.0.0] AndroidManifest.xml:31:13-36
222
223        <activity
223-->[com.google.android.gms:play-services-auth:16.0.1] AndroidManifest.xml:23:9-27:75
224            android:name="com.google.android.gms.auth.api.signin.internal.SignInHubActivity"
224-->[com.google.android.gms:play-services-auth:16.0.1] AndroidManifest.xml:24:13-93
225            android:excludeFromRecents="true"
225-->[com.google.android.gms:play-services-auth:16.0.1] AndroidManifest.xml:25:13-46
226            android:exported="false"
226-->[com.google.android.gms:play-services-auth:16.0.1] AndroidManifest.xml:26:13-37
227            android:theme="@android:style/Theme.Translucent.NoTitleBar" />
227-->[com.google.android.gms:play-services-auth:16.0.1] AndroidManifest.xml:27:13-72
228        <!--
229            Service handling Google Sign-In user revocation. For apps that do not integrate with
230            Google Sign-In, this service will never be started.
231        -->
232        <service
232-->[com.google.android.gms:play-services-auth:16.0.1] AndroidManifest.xml:33:9-36:110
233            android:name="com.google.android.gms.auth.api.signin.RevocationBoundService"
233-->[com.google.android.gms:play-services-auth:16.0.1] AndroidManifest.xml:34:13-89
234            android:exported="true"
234-->[com.google.android.gms:play-services-auth:16.0.1] AndroidManifest.xml:35:13-36
235            android:permission="com.google.android.gms.auth.api.signin.permission.REVOCATION_NOTIFICATION" />
235-->[com.google.android.gms:play-services-auth:16.0.1] AndroidManifest.xml:36:13-107
236
237        <activity
237-->[com.google.android.gms:play-services-base:17.1.0] AndroidManifest.xml:23:9-26:75
238            android:name="com.google.android.gms.common.api.GoogleApiActivity"
238-->[com.google.android.gms:play-services-base:17.1.0] AndroidManifest.xml:24:13-79
239            android:exported="false"
239-->[com.google.android.gms:play-services-base:17.1.0] AndroidManifest.xml:25:13-37
240            android:theme="@android:style/Theme.Translucent.NoTitleBar" />
240-->[com.google.android.gms:play-services-base:17.1.0] AndroidManifest.xml:26:13-72
241
242        <receiver
242-->[com.google.android.gms:play-services-measurement:19.0.2] AndroidManifest.xml:29:9-33:20
243            android:name="com.google.android.gms.measurement.AppMeasurementReceiver"
243-->[com.google.android.gms:play-services-measurement:19.0.2] AndroidManifest.xml:30:13-85
244            android:enabled="true"
244-->[com.google.android.gms:play-services-measurement:19.0.2] AndroidManifest.xml:31:13-35
245            android:exported="false" >
245-->[com.google.android.gms:play-services-measurement:19.0.2] AndroidManifest.xml:32:13-37
246        </receiver>
247
248        <service
248-->[com.google.android.gms:play-services-measurement:19.0.2] AndroidManifest.xml:35:9-38:40
249            android:name="com.google.android.gms.measurement.AppMeasurementService"
249-->[com.google.android.gms:play-services-measurement:19.0.2] AndroidManifest.xml:36:13-84
250            android:enabled="true"
250-->[com.google.android.gms:play-services-measurement:19.0.2] AndroidManifest.xml:37:13-35
251            android:exported="false" />
251-->[com.google.android.gms:play-services-measurement:19.0.2] AndroidManifest.xml:38:13-37
252        <service
252-->[com.google.android.gms:play-services-measurement:19.0.2] AndroidManifest.xml:39:9-43:72
253            android:name="com.google.android.gms.measurement.AppMeasurementJobService"
253-->[com.google.android.gms:play-services-measurement:19.0.2] AndroidManifest.xml:40:13-87
254            android:enabled="true"
254-->[com.google.android.gms:play-services-measurement:19.0.2] AndroidManifest.xml:41:13-35
255            android:exported="false"
255-->[com.google.android.gms:play-services-measurement:19.0.2] AndroidManifest.xml:42:13-37
256            android:permission="android.permission.BIND_JOB_SERVICE" />
256-->[com.google.android.gms:play-services-measurement:19.0.2] AndroidManifest.xml:43:13-69
257
258        <meta-data
258-->[com.google.android.gms:play-services-basement:17.1.0] AndroidManifest.xml:23:9-25:69
259            android:name="com.google.android.gms.version"
259-->[com.google.android.gms:play-services-basement:17.1.0] AndroidManifest.xml:24:13-58
260            android:value="@integer/google_play_services_version" />
260-->[com.google.android.gms:play-services-basement:17.1.0] AndroidManifest.xml:25:13-66
261    </application>
262
263</manifest>